<?xml version="1.0" encoding="UTF-8"?>
<testsuite name="loader.s3.S3CacheStoreIntegrationTest" failures="15" tests="17" time="1.47" errors="0">
  <properties/>
  <testcase name="@BeforeMethod setUp" time="0.0" classname="org.infinispan.loader.s3.S3CacheStoreIntegrationTest">
    <failure type="org.infinispan.loader.CacheLoaderException" message="error opening s3 service">
      <![CDATA[org.infinispan.loader.CacheLoaderException: error opening s3 service
	at org.infinispan.loader.s3.S3CacheStore.convertToCacheLoaderException(S3CacheStore.java:148)
	at org.infinispan.loader.s3.S3CacheStore.start(S3CacheStore.java:88)
	at org.infinispan.loader.s3.S3CacheStoreIntegrationTest.createAndStartCacheStore(S3CacheStoreIntegrationTest.java:79)
	at org.infinispan.loader.s3.S3CacheStoreIntegrationTest.createCacheStore(S3CacheStoreIntegrationTest.java:64)
	at org.infinispan.loader.BaseCacheStoreTest.setUp(BaseCacheStoreTest.java:45)
	at org.infinispan.loader.s3.S3CacheStoreIntegrationTest.setUp(S3CacheStoreIntegrationTest.java:90)
	at java.util.concurrent.ThreadPoolExecutor$Worker.runTask(ThreadPoolExecutor.java:886)
	at java.util.concurrent.ThreadPoolExecutor$Worker.run(ThreadPoolExecutor.java:908)
	at java.lang.Thread.run(Thread.java:619)
Caused by: org.jets3t.service.S3ServiceException: S3 GET failed for '/' XML Error Message: <?xml version="1.0" encoding="UTF-8"?><Error><Code>InvalidAccessKeyId</Code><Message>The AWS Access Key Id you provided does not exist in our records.</Message><RequestId>16A47E5BDB906B2C</RequestId><HostId>yNkDOoNpsahEFwXqPpjuaJK6IT2XTPjpPB4TKTAAgmyH9gnZJ/BfTriJ/ojBq0h1</HostId><AWSAccessKeyId>youraccesskey</AWSAccessKeyId></Error>
	at org.jets3t.service.impl.rest.httpclient.RestS3Service.performRequest(RestS3Service.java:392)
	at org.jets3t.service.impl.rest.httpclient.RestS3Service.performRestGet(RestS3Service.java:727)
	at org.jets3t.service.impl.rest.httpclient.RestS3Service.listAllBucketsImpl(RestS3Service.java:1010)
	at org.jets3t.service.S3Service.listAllBuckets(S3Service.java:1329)
	at org.jets3t.service.S3Service.getBucket(S3Service.java:1506)
	at org.jets3t.service.S3Service.getOrCreateBucket(S3Service.java:1529)
	at org.infinispan.loader.s3.Jets3tS3Connection.getOrCreateBucket(Jets3tS3Connection.java:63)
	at org.infinispan.loader.s3.S3CacheStore.start(S3CacheStore.java:86)
	... 26 more
... Removed 19 stack frames]]>
    </failure>
  </testcase>
  <testcase name="@AfterMethod tearDown" time="0.0" classname="org.infinispan.loader.s3.S3CacheStoreIntegrationTest">
    <skipped/>
  </testcase>
  <testcase name="@BeforeMethod setUp" time="0.0" classname="org.infinispan.loader.s3.S3CacheStoreIntegrationTest">
    <skipped/>
  </testcase>
  <testcase name="@AfterMethod tearDown" time="0.0" classname="org.infinispan.loader.s3.S3CacheStoreIntegrationTest">
    <skipped/>
  </testcase>
  <testcase name="@BeforeMethod setUp" time="0.0" classname="org.infinispan.loader.s3.S3CacheStoreIntegrationTest">
    <skipped/>
  </testcase>
  <testcase name="@AfterMethod tearDown" time="0.0" classname="org.infinispan.loader.s3.S3CacheStoreIntegrationTest">
    <skipped/>
  </testcase>
  <testcase name="@BeforeMethod setUp" time="0.0" classname="org.infinispan.loader.s3.S3CacheStoreIntegrationTest">
    <skipped/>
  </testcase>
  <testcase name="@AfterMethod tearDown" time="0.0" classname="org.infinispan.loader.s3.S3CacheStoreIntegrationTest">
    <skipped/>
  </testcase>
  <testcase name="@BeforeMethod setUp" time="0.0" classname="org.infinispan.loader.s3.S3CacheStoreIntegrationTest">
    <skipped/>
  </testcase>
  <testcase name="@AfterMethod tearDown" time="0.0" classname="org.infinispan.loader.s3.S3CacheStoreIntegrationTest">
    <skipped/>
  </testcase>
  <testcase name="@BeforeMethod setUp" time="0.0" classname="org.infinispan.loader.s3.S3CacheStoreIntegrationTest">
    <skipped/>
  </testcase>
  <testcase name="@AfterMethod tearDown" time="0.0" classname="org.infinispan.loader.s3.S3CacheStoreIntegrationTest">
    <skipped/>
  </testcase>
  <testcase name="@BeforeMethod setUp" time="0.0" classname="org.infinispan.loader.s3.S3CacheStoreIntegrationTest">
    <skipped/>
  </testcase>
  <testcase name="@AfterMethod tearDown" time="0.0" classname="org.infinispan.loader.s3.S3CacheStoreIntegrationTest">
    <skipped/>
  </testcase>
  <testcase name="@BeforeMethod setUp" time="0.0" classname="org.infinispan.loader.s3.S3CacheStoreIntegrationTest">
    <skipped/>
  </testcase>
  <testcase name="@AfterMethod tearDown" time="0.0" classname="org.infinispan.loader.s3.S3CacheStoreIntegrationTest">
    <skipped/>
  </testcase>
  <testcase name="@BeforeMethod setUp" time="0.0" classname="org.infinispan.loader.s3.S3CacheStoreIntegrationTest">
    <skipped/>
  </testcase>
  <testcase name="@AfterMethod tearDown" time="0.0" classname="org.infinispan.loader.s3.S3CacheStoreIntegrationTest">
    <skipped/>
  </testcase>
  <testcase name="@BeforeMethod setUp" time="0.0" classname="org.infinispan.loader.s3.S3CacheStoreIntegrationTest">
    <skipped/>
  </testcase>
  <testcase name="@AfterMethod tearDown" time="0.0" classname="org.infinispan.loader.s3.S3CacheStoreIntegrationTest">
    <skipped/>
  </testcase>
  <testcase name="@BeforeMethod setUp" time="0.0" classname="org.infinispan.loader.s3.S3CacheStoreIntegrationTest">
    <skipped/>
  </testcase>
  <testcase name="@AfterMethod tearDown" time="0.0" classname="org.infinispan.loader.s3.S3CacheStoreIntegrationTest">
    <skipped/>
  </testcase>
  <testcase name="@BeforeMethod setUp" time="0.0" classname="org.infinispan.loader.s3.S3CacheStoreIntegrationTest">
    <skipped/>
  </testcase>
  <testcase name="@AfterMethod tearDown" time="0.0" classname="org.infinispan.loader.s3.S3CacheStoreIntegrationTest">
    <skipped/>
  </testcase>
  <testcase name="@BeforeMethod setUp" time="0.0" classname="org.infinispan.loader.s3.S3CacheStoreIntegrationTest">
    <skipped/>
  </testcase>
  <testcase name="@AfterMethod tearDown" time="0.0" classname="org.infinispan.loader.s3.S3CacheStoreIntegrationTest">
    <skipped/>
  </testcase>
  <testcase name="@BeforeMethod setUp" time="0.0" classname="org.infinispan.loader.s3.S3CacheStoreIntegrationTest">
    <skipped/>
  </testcase>
  <testcase name="@AfterMethod tearDown" time="0.0" classname="org.infinispan.loader.s3.S3CacheStoreIntegrationTest">
    <skipped/>
  </testcase>
  <testcase name="@BeforeMethod setUp" time="0.0" classname="org.infinispan.loader.s3.S3CacheStoreIntegrationTest">
    <skipped/>
  </testcase>
  <testcase name="@AfterMethod tearDown" time="0.0" classname="org.infinispan.loader.s3.S3CacheStoreIntegrationTest">
    <skipped/>
  </testcase>
  <testcase name="@BeforeMethod setUp" time="0.0" classname="org.infinispan.loader.s3.S3CacheStoreIntegrationTest">
    <skipped/>
  </testcase>
  <testcase name="@AfterMethod tearDown" time="0.0" classname="org.infinispan.loader.s3.S3CacheStoreIntegrationTest">
    <skipped/>
  </testcase>
  <testcase name="@BeforeMethod setUp" time="0.0" classname="org.infinispan.loader.s3.S3CacheStoreIntegrationTest">
    <skipped/>
  </testcase>
  <testcase name="@AfterMethod tearDown" time="0.0" classname="org.infinispan.loader.s3.S3CacheStoreIntegrationTest">
    <skipped/>
  </testcase>
  <testcase name="@AfterTest removeS3Buckets" time="0.0" classname="org.infinispan.loader.s3.S3CacheStoreIntegrationTest">
    <skipped/>
  </testcase>
  <testcase name="testStoreAndRemoveAll" time="0.0040" classname="org.infinispan.loader.s3.S3CacheStoreIntegrationTest">
    <failure type="java.lang.NullPointerException">
      <![CDATA[java.lang.NullPointerException
	at org.infinispan.loader.BaseCacheStoreTest.testStoreAndRemoveAll(BaseCacheStoreTest.java:379)
	at java.util.concurrent.ThreadPoolExecutor$Worker.runTask(ThreadPoolExecutor.java:886)
	at java.util.concurrent.ThreadPoolExecutor$Worker.run(ThreadPoolExecutor.java:908)
	at java.lang.Thread.run(Thread.java:619)
... Removed 17 stack frames]]>
    </failure>
  </testcase>
  <testcase name="testConfigFile" time="0.0010" classname="org.infinispan.loader.s3.S3CacheStoreIntegrationTest">
    <failure type="java.lang.NullPointerException">
      <![CDATA[java.lang.NullPointerException
	at org.infinispan.loader.BaseCacheStoreTest.testConfigFile(BaseCacheStoreTest.java:490)
	at java.util.concurrent.ThreadPoolExecutor$Worker.runTask(ThreadPoolExecutor.java:886)
	at java.util.concurrent.ThreadPoolExecutor$Worker.run(ThreadPoolExecutor.java:908)
	at java.lang.Thread.run(Thread.java:619)
... Removed 17 stack frames]]>
    </failure>
  </testcase>
  <testcase name="testRollbackFromADifferentThreadReusingTransactionKey" time="0.0" classname="org.infinispan.loader.s3.S3CacheStoreIntegrationTest">
    <failure type="java.lang.NullPointerException">
      <![CDATA[java.lang.NullPointerException
	at org.infinispan.loader.BaseCacheStoreTest.testRollbackFromADifferentThreadReusingTransactionKey(BaseCacheStoreTest.java:306)
	at java.util.concurrent.ThreadPoolExecutor$Worker.runTask(ThreadPoolExecutor.java:886)
	at java.util.concurrent.ThreadPoolExecutor$Worker.run(ThreadPoolExecutor.java:908)
	at java.lang.Thread.run(Thread.java:619)
... Removed 17 stack frames]]>
    </failure>
  </testcase>
  <testcase name="testLoadAndStoreWithIdle" time="0.0" classname="org.infinispan.loader.s3.S3CacheStoreIntegrationTest">
    <failure type="java.lang.NullPointerException">
      <![CDATA[java.lang.NullPointerException
	at org.infinispan.loader.BaseCacheStoreTest.testLoadAndStoreWithIdle(BaseCacheStoreTest.java:122)
	at java.util.concurrent.ThreadPoolExecutor$Worker.runTask(ThreadPoolExecutor.java:886)
	at java.util.concurrent.ThreadPoolExecutor$Worker.run(ThreadPoolExecutor.java:908)
	at java.lang.Thread.run(Thread.java:619)
... Removed 17 stack frames]]>
    </failure>
  </testcase>
  <testcase name="testStreamingAPI" time="0.0" classname="org.infinispan.loader.s3.S3CacheStoreIntegrationTest">
    <skipped/>
  </testcase>
  <testcase name="testStreamingAPIReusingStreams" time="0.0" classname="org.infinispan.loader.s3.S3CacheStoreIntegrationTest">
    <skipped/>
  </testcase>
  <testcase name="testLoadAndStoreImmortal" time="0.0" classname="org.infinispan.loader.s3.S3CacheStoreIntegrationTest">
    <failure type="java.lang.NullPointerException">
      <![CDATA[java.lang.NullPointerException
	at org.infinispan.loader.BaseCacheStoreTest.testLoadAndStoreImmortal(BaseCacheStoreTest.java:88)
	at java.util.concurrent.ThreadPoolExecutor$Worker.runTask(ThreadPoolExecutor.java:886)
	at java.util.concurrent.ThreadPoolExecutor$Worker.run(ThreadPoolExecutor.java:908)
	at java.lang.Thread.run(Thread.java:619)
... Removed 17 stack frames]]>
    </failure>
  </testcase>
  <testcase name="testStopStartDoesntNukeValues" time="0.0" classname="org.infinispan.loader.s3.S3CacheStoreIntegrationTest">
    <failure type="java.lang.NullPointerException">
      <![CDATA[java.lang.NullPointerException
	at org.infinispan.loader.BaseCacheStoreTest.testStopStartDoesntNukeValues(BaseCacheStoreTest.java:167)
	at java.util.concurrent.ThreadPoolExecutor$Worker.runTask(ThreadPoolExecutor.java:886)
	at java.util.concurrent.ThreadPoolExecutor$Worker.run(ThreadPoolExecutor.java:908)
	at java.lang.Thread.run(Thread.java:619)
... Removed 17 stack frames]]>
    </failure>
  </testcase>
  <testcase name="testRollback" time="0.0" classname="org.infinispan.loader.s3.S3CacheStoreIntegrationTest">
    <failure type="java.lang.NullPointerException">
      <![CDATA[java.lang.NullPointerException
	at org.infinispan.loader.BaseCacheStoreTest.testRollback(BaseCacheStoreTest.java:264)
	at java.util.concurrent.ThreadPoolExecutor$Worker.runTask(ThreadPoolExecutor.java:886)
	at java.util.concurrent.ThreadPoolExecutor$Worker.run(ThreadPoolExecutor.java:908)
	at java.lang.Thread.run(Thread.java:619)
... Removed 17 stack frames]]>
    </failure>
  </testcase>
  <testcase name="testConcurrency" time="0.029" classname="org.infinispan.loader.s3.S3CacheStoreIntegrationTest">
    <failure type="java.lang.NullPointerException">
      <![CDATA[java.lang.NullPointerException
	at org.infinispan.loader.BaseCacheStoreTest$3.run(BaseCacheStoreTest.java:511)
	at org.infinispan.loader.BaseCacheStoreTest$6.run(BaseCacheStoreTest.java:547)
]]>
    </failure>
  </testcase>
  <testcase name="testLoadAndStoreWithLifespan" time="0.0" classname="org.infinispan.loader.s3.S3CacheStoreIntegrationTest">
    <failure type="java.lang.NullPointerException">
      <![CDATA[java.lang.NullPointerException
	at org.infinispan.loader.BaseCacheStoreTest.testLoadAndStoreWithLifespan(BaseCacheStoreTest.java:100)
	at java.util.concurrent.ThreadPoolExecutor$Worker.runTask(ThreadPoolExecutor.java:886)
	at java.util.concurrent.ThreadPoolExecutor$Worker.run(ThreadPoolExecutor.java:908)
	at java.lang.Thread.run(Thread.java:619)
... Removed 17 stack frames]]>
    </failure>
  </testcase>
  <testcase name="testLoadAndStoreWithLifespanAndIdle" time="0.0" classname="org.infinispan.loader.s3.S3CacheStoreIntegrationTest">
    <failure type="java.lang.NullPointerException">
      <![CDATA[java.lang.NullPointerException
	at org.infinispan.loader.BaseCacheStoreTest.testLoadAndStoreWithLifespanAndIdle(BaseCacheStoreTest.java:144)
	at java.util.concurrent.ThreadPoolExecutor$Worker.runTask(ThreadPoolExecutor.java:886)
	at java.util.concurrent.ThreadPoolExecutor$Worker.run(ThreadPoolExecutor.java:908)
	at java.lang.Thread.run(Thread.java:619)
... Removed 17 stack frames]]>
    </failure>
  </testcase>
  <testcase name="testCommitAndRollbackWithoutPrepare" time="0.0" classname="org.infinispan.loader.s3.S3CacheStoreIntegrationTest">
    <failure type="java.lang.NullPointerException">
      <![CDATA[java.lang.NullPointerException
	at org.infinispan.loader.BaseCacheStoreTest.testCommitAndRollbackWithoutPrepare(BaseCacheStoreTest.java:352)
	at java.util.concurrent.ThreadPoolExecutor$Worker.runTask(ThreadPoolExecutor.java:886)
	at java.util.concurrent.ThreadPoolExecutor$Worker.run(ThreadPoolExecutor.java:908)
	at java.lang.Thread.run(Thread.java:619)
... Removed 17 stack frames]]>
    </failure>
  </testcase>
  <testcase name="testPreload" time="0.0" classname="org.infinispan.loader.s3.S3CacheStoreIntegrationTest">
    <failure type="java.lang.NullPointerException">
      <![CDATA[java.lang.NullPointerException
	at org.infinispan.loader.BaseCacheStoreTest.testPreload(BaseCacheStoreTest.java:362)
	at java.util.concurrent.ThreadPoolExecutor$Worker.runTask(ThreadPoolExecutor.java:886)
	at java.util.concurrent.ThreadPoolExecutor$Worker.run(ThreadPoolExecutor.java:908)
	at java.lang.Thread.run(Thread.java:619)
... Removed 17 stack frames]]>
    </failure>
  </testcase>
  <testcase name="testOnePhaseCommit" time="0.016" classname="org.infinispan.loader.s3.S3CacheStoreIntegrationTest">
    <failure type="java.lang.NullPointerException">
      <![CDATA[java.lang.NullPointerException
	at org.infinispan.loader.BaseCacheStoreTest.testOnePhaseCommit(BaseCacheStoreTest.java:205)
	at java.util.concurrent.ThreadPoolExecutor$Worker.runTask(ThreadPoolExecutor.java:886)
	at java.util.concurrent.ThreadPoolExecutor$Worker.run(ThreadPoolExecutor.java:908)
	at java.lang.Thread.run(Thread.java:619)
... Removed 17 stack frames]]>
    </failure>
  </testcase>
  <testcase name="testTwoPhaseCommit" time="0.0" classname="org.infinispan.loader.s3.S3CacheStoreIntegrationTest">
    <failure type="java.lang.NullPointerException">
      <![CDATA[java.lang.NullPointerException
	at org.infinispan.loader.BaseCacheStoreTest.testTwoPhaseCommit(BaseCacheStoreTest.java:230)
	at java.util.concurrent.ThreadPoolExecutor$Worker.runTask(ThreadPoolExecutor.java:886)
	at java.util.concurrent.ThreadPoolExecutor$Worker.run(ThreadPoolExecutor.java:908)
	at java.lang.Thread.run(Thread.java:619)
... Removed 17 stack frames]]>
    </failure>
  </testcase>
  <testcase name="testPurgeExpired" time="0.0" classname="org.infinispan.loader.s3.S3CacheStoreIntegrationTest">
    <failure type="java.lang.NullPointerException">
      <![CDATA[java.lang.NullPointerException
	at org.infinispan.loader.BaseCacheStoreTest.testPurgeExpired(BaseCacheStoreTest.java:411)
	at java.util.concurrent.ThreadPoolExecutor$Worker.runTask(ThreadPoolExecutor.java:886)
	at java.util.concurrent.ThreadPoolExecutor$Worker.run(ThreadPoolExecutor.java:908)
	at java.lang.Thread.run(Thread.java:619)
... Removed 17 stack frames]]>
    </failure>
  </testcase>
</testsuite>
